14:25:32.068 [main] INFO  TestCases.TC001_SearchwebDev - ****************** Execution Stop **********************
14:26:46.955 [main] INFO  TestCases.TC001_SearchwebDev - Chrome browser opened successfully
14:26:46.966 [main] INFO  TestCases.TC001_SearchwebDev - ****************** Driver Launch **********************
14:27:04.435 [main] INFO  TestCases.TC001_SearchwebDev -  Search ' WEB DEVELOPMENT ' Courses 
14:27:29.280 [main] INFO  TestCases.TC001_SearchwebDev -  Language seleted 
14:27:29.544 [main] INFO  TestCases.TC001_SearchwebDev -  Level Selected 
14:27:30.346 [main] INFO  TestCases.TC001_SearchwebDev - Printing Course Data
14:28:49.120 [main] INFO  TestCases.TC001_SearchwebDev - Language count
14:28:50.061 [main] INFO  TestCases.TC001_SearchwebDev - Language list got printed 
14:28:55.529 [main] INFO  TestCases.TC001_SearchwebDev - Click On Apply Button 
14:28:56.450 [main] INFO  TestCases.TC001_SearchwebDev - Level list got printed 
14:28:59.475 [main] INFO  TestCases.TC001_SearchwebDev - Clicked On 'COURSERA' 
14:29:27.602 [main] INFO  TestCases.TC001_SearchwebDev -  Clicked  on 'FOR ENTERPRISE' 
14:30:00.035 [main] INFO  TestCases.TC001_SearchwebDev - Clicked On Solutions 
14:30:02.611 [main] INFO  TestCases.TC001_SearchwebDev - Clicked on 'COURSES FOR CAMPUS' 
14:30:32.105 [main] INFO  TestCases.TC001_SearchwebDev - form got filled  
14:30:32.341 [main] INFO  TestCases.TC001_SearchwebDev - Error Message Occur 
14:30:33.249 [main] INFO  TestCases.TC001_SearchwebDev - ****************** Execution Stop **********************
15:32:31.833 [main] INFO  TestCases.TC001_SearchwebDev - Chrome browser opened successfully
15:32:31.855 [main] INFO  TestCases.TC001_SearchwebDev - ****************** Driver Launch **********************
15:32:56.534 [main] INFO  TestCases.TC001_SearchwebDev -  Search ' WEB DEVELOPMENT ' Courses 
15:33:13.252 [main] INFO  TestCases.TC001_SearchwebDev -  Language seleted 
15:33:13.606 [main] INFO  TestCases.TC001_SearchwebDev -  Level Selected 
15:33:15.505 [main] INFO  TestCases.TC001_SearchwebDev - Printing Course Data
15:33:39.852 [main] INFO  TestCases.TC001_SearchwebDev - Language count
15:33:40.972 [main] INFO  TestCases.TC001_SearchwebDev - Language list got printed 
15:33:47.653 [main] INFO  TestCases.TC001_SearchwebDev - Click On Apply Button 
15:33:49.394 [main] INFO  TestCases.TC001_SearchwebDev - Level list got printed 
15:33:53.415 [main] INFO  TestCases.TC001_SearchwebDev - Clicked On 'COURSERA' 
15:34:04.934 [main] INFO  TestCases.TC001_SearchwebDev -  Clicked  on 'FOR ENTERPRISE' 
15:34:27.774 [main] INFO  TestCases.TC001_SearchwebDev - Clicked On Solutions 
15:34:30.655 [main] INFO  TestCases.TC001_SearchwebDev - Clicked on 'COURSES FOR CAMPUS' 
15:34:43.411 [main] INFO  TestCases.TC001_SearchwebDev - form got filled  
15:34:43.839 [main] INFO  TestCases.TC001_SearchwebDev - Error Message Occur 
15:34:50.804 [main] INFO  TestCases.TC001_SearchwebDev - ****************** Execution Stop **********************
